{"/Users/otaviomorais/Documents/Flit/Módulo 3/Seção 2/2.3.1/index.js": {"path":"/Users/otaviomorais/Documents/Flit/Módulo 3/Seção 2/2.3.1/index.js","statementMap":{"0":{"start":{"line":9,"column":23},"end":{"line":9,"column":40}},"1":{"start":{"line":10,"column":23},"end":{"line":10,"column":39}},"2":{"start":{"line":11,"column":21},"end":{"line":11,"column":63}},"3":{"start":{"line":12,"column":4},"end":{"line":12,"column":64}},"4":{"start":{"line":13,"column":4},"end":{"line":13,"column":21}},"5":{"start":{"line":22,"column":12},"end":{"line":22,"column":31}},"6":{"start":{"line":23,"column":12},"end":{"line":23,"column":26}},"7":{"start":{"line":24,"column":21},"end":{"line":24,"column":50}},"8":{"start":{"line":25,"column":4},"end":{"line":25,"column":75}},"9":{"start":{"line":26,"column":4},"end":{"line":26,"column":44}},"10":{"start":{"line":29,"column":0},"end":{"line":29,"column":66}}},"fnMap":{"0":{"name":"CalcularJurosSimples","decl":{"start":{"line":8,"column":9},"end":{"line":8,"column":29}},"loc":{"start":{"line":8,"column":70},"end":{"line":14,"column":1}},"line":8},"1":{"name":"CalcularRentabilidadeReal","decl":{"start":{"line":21,"column":9},"end":{"line":21,"column":34}},"loc":{"start":{"line":21,"column":60},"end":{"line":27,"column":1}},"line":21}},"branchMap":{},"s":{"0":2,"1":2,"2":2,"3":2,"4":2,"5":2,"6":2,"7":2,"8":2,"9":2,"10":1},"f":{"0":2,"1":2},"b":{},"_coverageSchema":"1a1c01bbd47fc00a2c39e90264f33305004495a9","hash":"17ecbf38b0abda84eff32ab67ad1a7ff1f7f136b"}
}
